<?xml version="1.0" encoding="UTF-8"?>
<testng-results skipped="0" failed="0" total="2" passed="2">
  <reporter-output>
  </reporter-output>
  <suite name="QQmail" duration-ms="17430" started-at="2019-12-31T01:31:31Z" finished-at="2019-12-31T01:31:48Z">
    <groups>
    </groups>
    <test name="QQmail_test" duration-ms="17430" started-at="2019-12-31T01:31:31Z" finished-at="2019-12-31T01:31:48Z">
      <class name="test.NewTest">
        <test-method status="PASS" signature="beforeTest()[pri:0, instance:test.NewTest@24273305]" name="beforeTest" is-config="true" duration-ms="6820" started-at="2019-12-31T09:31:31Z" finished-at="2019-12-31T09:31:38Z">
          <reporter-output>
          </reporter-output>
        </test-method> <!-- beforeTest -->
        <test-method status="PASS" signature="QQLoginTest()[pri:0, instance:test.NewTest@24273305]" name="QQLoginTest" duration-ms="3335" started-at="2019-12-31T09:31:38Z" finished-at="2019-12-31T09:31:41Z">
          <reporter-output>
          </reporter-output>
        </test-method> <!-- QQLoginTest -->
        <test-method status="PASS" signature="sendmailTest()[pri:0, instance:test.NewTest@24273305]" name="sendmailTest" duration-ms="6590" started-at="2019-12-31T09:31:41Z" finished-at="2019-12-31T09:31:48Z">
          <reporter-output>
          </reporter-output>
        </test-method> <!-- sendmailTest -->
        <test-method status="PASS" signature="afterTest()[pri:0, instance:test.NewTest@24273305]" name="afterTest" is-config="true" duration-ms="680" started-at="2019-12-31T09:31:48Z" finished-at="2019-12-31T09:31:48Z">
          <reporter-output>
          </reporter-output>
        </test-method> <!-- afterTest -->
      </class> <!-- test.NewTest -->
    </test> <!-- QQmail_test -->
  </suite> <!-- QQmail -->
</testng-results>
